<?xml version="1.0" encoding="UTF-8"?>
<testsuite xmlns:xsi="http://www.w3.org/2001/XMLSchema-instance" xsi:noNamespaceSchemaLocation="https://maven.apache.org/surefire/maven-surefire-plugin/xsd/surefire-test-report-3.0.xsd" version="3.0" name="com.github.schm1tz1.crypto.helpers.AesHelperTest" time="0.426" tests="6" errors="0" skipped="0" failures="0">
  <properties>
    <property name="java.specification.version" value="17"/>
    <property name="sun.jnu.encoding" value="UTF-8"/>
    <property name="java.class.path" value="/Users/rschmitz/workspace/projects/java-crypto-helpers/target/test-classes:/Users/rschmitz/workspace/projects/java-crypto-helpers/target/classes:/Users/rschmitz/.m2/repository/org/slf4j/slf4j-api/2.0.7/slf4j-api-2.0.7.jar:/Users/rschmitz/.m2/repository/org/slf4j/log4j-over-slf4j/2.0.7/log4j-over-slf4j-2.0.7.jar:/Users/rschmitz/.m2/repository/ch/qos/logback/logback-classic/1.4.7/logback-classic-1.4.7.jar:/Users/rschmitz/.m2/repository/ch/qos/logback/logback-core/1.4.7/logback-core-1.4.7.jar:/Users/rschmitz/.m2/repository/org/junit/jupiter/junit-jupiter/5.9.2/junit-jupiter-5.9.2.jar:/Users/rschmitz/.m2/repository/org/junit/jupiter/junit-jupiter-api/5.9.2/junit-jupiter-api-5.9.2.jar:/Users/rschmitz/.m2/repository/org/opentest4j/opentest4j/1.2.0/opentest4j-1.2.0.jar:/Users/rschmitz/.m2/repository/org/junit/platform/junit-platform-commons/1.9.2/junit-platform-commons-1.9.2.jar:/Users/rschmitz/.m2/repository/org/apiguardian/apiguardian-api/1.1.2/apiguardian-api-1.1.2.jar:/Users/rschmitz/.m2/repository/org/junit/jupiter/junit-jupiter-params/5.9.2/junit-jupiter-params-5.9.2.jar:/Users/rschmitz/.m2/repository/org/junit/jupiter/junit-jupiter-engine/5.9.2/junit-jupiter-engine-5.9.2.jar:/Users/rschmitz/.m2/repository/org/junit/platform/junit-platform-engine/1.9.2/junit-platform-engine-1.9.2.jar:"/>
    <property name="java.vm.vendor" value="Eclipse Adoptium"/>
    <property name="sun.arch.data.model" value="64"/>
    <property name="java.vendor.url" value="https://adoptium.net/"/>
    <property name="user.timezone" value="Europe/Berlin"/>
    <property name="os.name" value="Mac OS X"/>
    <property name="java.vm.specification.version" value="17"/>
    <property name="sun.java.launcher" value="SUN_STANDARD"/>
    <property name="user.country" value="DE"/>
    <property name="sun.boot.library.path" value="/Users/rschmitz/.sdkman/candidates/java/17.0.6-tem/lib"/>
    <property name="sun.java.command" value="/Users/rschmitz/workspace/projects/java-crypto-helpers/target/surefire/surefirebooter-20230605121356392_3.jar /Users/rschmitz/workspace/projects/java-crypto-helpers/target/surefire 2023-06-05T12-13-56_316-jvmRun1 surefire-20230605121356392_1tmp surefire_0-20230605121356392_2tmp"/>
    <property name="jdk.debug" value="release"/>
    <property name="surefire.test.class.path" value="/Users/rschmitz/workspace/projects/java-crypto-helpers/target/test-classes:/Users/rschmitz/workspace/projects/java-crypto-helpers/target/classes:/Users/rschmitz/.m2/repository/org/slf4j/slf4j-api/2.0.7/slf4j-api-2.0.7.jar:/Users/rschmitz/.m2/repository/org/slf4j/log4j-over-slf4j/2.0.7/log4j-over-slf4j-2.0.7.jar:/Users/rschmitz/.m2/repository/ch/qos/logback/logback-classic/1.4.7/logback-classic-1.4.7.jar:/Users/rschmitz/.m2/repository/ch/qos/logback/logback-core/1.4.7/logback-core-1.4.7.jar:/Users/rschmitz/.m2/repository/org/junit/jupiter/junit-jupiter/5.9.2/junit-jupiter-5.9.2.jar:/Users/rschmitz/.m2/repository/org/junit/jupiter/junit-jupiter-api/5.9.2/junit-jupiter-api-5.9.2.jar:/Users/rschmitz/.m2/repository/org/opentest4j/opentest4j/1.2.0/opentest4j-1.2.0.jar:/Users/rschmitz/.m2/repository/org/junit/platform/junit-platform-commons/1.9.2/junit-platform-commons-1.9.2.jar:/Users/rschmitz/.m2/repository/org/apiguardian/apiguardian-api/1.1.2/apiguardian-api-1.1.2.jar:/Users/rschmitz/.m2/repository/org/junit/jupiter/junit-jupiter-params/5.9.2/junit-jupiter-params-5.9.2.jar:/Users/rschmitz/.m2/repository/org/junit/jupiter/junit-jupiter-engine/5.9.2/junit-jupiter-engine-5.9.2.jar:/Users/rschmitz/.m2/repository/org/junit/platform/junit-platform-engine/1.9.2/junit-platform-engine-1.9.2.jar:"/>
    <property name="sun.cpu.endian" value="little"/>
    <property name="user.home" value="/Users/rschmitz"/>
    <property name="user.language" value="en"/>
    <property name="java.specification.vendor" value="Oracle Corporation"/>
    <property name="java.version.date" value="2023-01-17"/>
    <property name="java.home" value="/Users/rschmitz/.sdkman/candidates/java/17.0.6-tem"/>
    <property name="file.separator" value="/"/>
    <property name="basedir" value="/Users/rschmitz/workspace/projects/java-crypto-helpers"/>
    <property name="java.vm.compressedOopsMode" value="Zero based"/>
    <property name="line.separator" value="&#10;"/>
    <property name="java.vm.specification.vendor" value="Oracle Corporation"/>
    <property name="java.specification.name" value="Java Platform API Specification"/>
    <property name="surefire.real.class.path" value="/Users/rschmitz/workspace/projects/java-crypto-helpers/target/surefire/surefirebooter-20230605121356392_3.jar"/>
    <property name="sun.management.compiler" value="HotSpot 64-Bit Tiered Compilers"/>
    <property name="java.runtime.version" value="17.0.6+10"/>
    <property name="user.name" value="rschmitz"/>
    <property name="path.separator" value=":"/>
    <property name="os.version" value="13.4"/>
    <property name="java.runtime.name" value="OpenJDK Runtime Environment"/>
    <property name="file.encoding" value="UTF-8"/>
    <property name="java.vm.name" value="OpenJDK 64-Bit Server VM"/>
    <property name="java.vendor.version" value="Temurin-17.0.6+10"/>
    <property name="localRepository" value="/Users/rschmitz/.m2/repository"/>
    <property name="java.vendor.url.bug" value="https://github.com/adoptium/adoptium-support/issues"/>
    <property name="java.io.tmpdir" value="/var/folders/h6/507fk7r512b86lf6mrdm5pz00000gp/T/"/>
    <property name="java.version" value="17.0.6"/>
    <property name="user.dir" value="/Users/rschmitz/workspace/projects/java-crypto-helpers"/>
    <property name="os.arch" value="x86_64"/>
    <property name="java.vm.specification.name" value="Java Virtual Machine Specification"/>
    <property name="native.encoding" value="UTF-8"/>
    <property name="java.library.path" value="/Users/rschmitz/Library/Java/Extensions:/Library/Java/Extensions:/Network/Library/Java/Extensions:/System/Library/Java/Extensions:/usr/lib/java:."/>
    <property name="java.vm.info" value="mixed mode, sharing"/>
    <property name="java.vendor" value="Eclipse Adoptium"/>
    <property name="java.vm.version" value="17.0.6+10"/>
    <property name="sun.io.unicode.encoding" value="UnicodeBig"/>
    <property name="java.class.version" value="61.0"/>
  </properties>
  <testcase name="AESEncryptDecryptAesCbcPasswordStringMessage" classname="com.github.schm1tz1.crypto.helpers.AesHelperTest" time="0.121">
    <system-out><![CDATA[  Input Test Message->AsJoubsljVGBVgltkFyY3Bl2sWgDDjUruTKVevCmExk=->Input Test Message
]]></system-out>
  </testcase>
  <testcase name="AESEncryptDecryptAesEcbPasswordByteArray" classname="com.github.schm1tz1.crypto.helpers.AesHelperTest" time="0.071">
    <system-out><![CDATA[  Input Bytes->[-45, 96, 10, -92, -45, -73, -82, 84, 57, -15, 70, -88, 125, 16, 6, -103]->Input Bytes
]]></system-out>
  </testcase>
  <testcase name="AESEncryptDecryptAesCbcPasswordByteArray" classname="com.github.schm1tz1.crypto.helpers.AesHelperTest" time="0.064">
    <system-out><![CDATA[  Input Bytes->�ߘs�^:�U��W
'�->Input Bytes
]]></system-out>
  </testcase>
  <testcase name="AESEncryptDecryptAesGcmPasswordStringMessage" classname="com.github.schm1tz1.crypto.helpers.AesHelperTest" time="0.057">
    <system-out><![CDATA[  Input Test Message->crVCNi9x/HsjE69GzB7s9OhDX1Q9jxPph3Ltt4IVxUvWTA==->Input Test Message
]]></system-out>
  </testcase>
  <testcase name="AESEncryptDecryptAesGcmPasswordByteArray" classname="com.github.schm1tz1.crypto.helpers.AesHelperTest" time="0.054">
    <system-out><![CDATA[  Input Bytes->�+ u#�J����w&amp#20;��&amp#19;��S��p��-�3->Input Bytes
]]></system-out>
  </testcase>
  <testcase name="AESEncryptDecryptAesEcbPasswordStringMessage" classname="com.github.schm1tz1.crypto.helpers.AesHelperTest" time="0.054">
    <system-out><![CDATA[  Input Test Message->Kx9Uan/eKR/ZZN3olTvUsAESivuqZlhy44Iav/uVpLA=->Input Test Message
]]></system-out>
  </testcase>
</testsuite>